TN:
SF:src\data\usecase\add-account\db-account-protocols.ts
FNF:0
FNH:0
DA:1,0
DA:2,0
DA:3,0
DA:4,0
LF:4
LH:0
BRF:0
BRH:0
end_of_record
TN:
SF:src\data\usecase\add-account\db-add-account.ts
FN:7,(anonymous_0)
FN:11,(anonymous_1)
FNF:2
FNH:2
FNDA:5,(anonymous_0)
FNDA:5,(anonymous_1)
DA:3,1
DA:8,5
DA:9,5
DA:12,5
DA:13,4
DA:14,3
LF:6
LH:6
BRF:0
BRH:0
end_of_record
TN:
SF:src\infra\cryptography\bcrypt-adapter.ts
FN:6,(anonymous_1)
FN:9,(anonymous_2)
FNF:2
FNH:2
FNDA:3,(anonymous_1)
FNDA:3,(anonymous_2)
DA:1,1
DA:4,1
DA:7,3
DA:10,3
DA:11,2
LF:5
LH:5
BRF:0
BRH:0
end_of_record
TN:
SF:src\presentation\controllers\signup\signup-protocols.ts
FNF:0
FNH:0
DA:1,0
DA:2,0
DA:3,0
DA:4,0
LF:4
LH:0
BRF:0
BRH:0
end_of_record
TN:
SF:src\presentation\controllers\signup\signup.ts
FN:14,(anonymous_0)
FN:19,(anonymous_1)
FNF:2
FNH:2
FNDA:11,(anonymous_0)
FNDA:11,(anonymous_1)
DA:8,1
DA:9,1
DA:11,1
DA:15,11
DA:16,11
DA:20,11
DA:21,11
DA:27,11
DA:28,38
DA:29,4
DA:32,7
DA:33,7
DA:34,1
DA:36,6
DA:37,5
DA:38,1
DA:40,4
DA:45,3
DA:48,2
LF:19
LH:19
BRDA:28,0,0,4
BRDA:28,0,1,34
BRDA:33,1,0,1
BRDA:33,1,1,6
BRDA:37,2,0,1
BRDA:37,2,1,4
BRF:6
BRH:6
end_of_record
TN:
SF:src\presentation\errors\index.ts
FNF:0
FNH:0
DA:1,1
DA:2,1
DA:3,1
LF:3
LH:3
BRF:0
BRH:0
end_of_record
TN:
SF:src\presentation\errors\invalid-param-error.ts
FN:2,(anonymous_0)
FNF:1
FNH:1
FNDA:4,(anonymous_0)
DA:1,1
DA:3,4
DA:4,4
LF:3
LH:3
BRF:0
BRH:0
end_of_record
TN:
SF:src\presentation\errors\missing-param-error.ts
FN:2,(anonymous_0)
FNF:1
FNH:1
FNDA:8,(anonymous_0)
DA:1,1
DA:3,8
DA:4,8
LF:3
LH:3
BRF:0
BRH:0
end_of_record
TN:
SF:src\presentation\errors\server-error.ts
FN:2,(anonymous_0)
FNF:1
FNH:1
FNDA:4,(anonymous_0)
DA:1,1
DA:3,4
DA:4,4
LF:3
LH:3
BRF:0
BRH:0
end_of_record
TN:
SF:src\presentation\helpers\http-helper.ts
FN:4,(anonymous_0)
FN:9,(anonymous_1)
FN:14,(anonymous_2)
FNF:3
FNH:3
FNDA:6,(anonymous_0)
FNDA:2,(anonymous_1)
FNDA:3,(anonymous_2)
DA:1,1
DA:4,6
DA:9,2
DA:14,3
LF:4
LH:4
BRF:0
BRH:0
end_of_record
TN:
SF:src\presentation\protocols\index.ts
FNF:0
FNH:0
DA:1,0
DA:2,0
LF:2
LH:0
BRF:0
BRH:0
end_of_record
TN:
SF:src\utils\email-validator-adapter.ts
FN:5,(anonymous_1)
FNF:1
FNH:1
FNDA:3,(anonymous_1)
DA:2,1
DA:4,1
DA:6,3
LF:3
LH:3
BRF:0
BRH:0
end_of_record
